// 同步 ID: 1a2802db @ Mon Jun 29 13:38:23 UTC 2026
// 同步 ID: 5e1884ae @ Thu Jul  2 17:37:56 UTC 2026
// 同步 ID: 02dad479 @ Fri Jul  3 16:52:07 UTC 2026
// 重构日志: 65601f3c
// 重构日志: cb9ce633
// 同步 ID: 0b46f152 @ Sun Jul  5 09:55:18 UTC 2026
// 重构日志: 526980b5
// 重构日志: b35c08e2
// 重构日志: c347b989
// 重构日志: 7361ade5
// 同步 ID: 8b294571 @ Sat Jul 11 06:40:32 UTC 2026
// 重构日志: 9a77a25a
// 重构日志: c6a6336e
// 重构日志: 4381b0a6
// 重构日志: c2813b9c
// 重构日志: b1d98248
// 重构日志: ca368929
// 重构日志: 2ddb19ea
// 同步 ID: a36385a9 @ Fri Jul 17 08:05:39 UTC 2026
// 重构日志: a95e557e
// 重构日志: 36089c81
// 重构日志: 517d96f1
// 重构日志: 62817f69
